<?xml version="1.0" encoding="UTF-8"?>
<coverage generated="1698222364351" clover="3.2.0">
  <project timestamp="1698222364351" name="All files">
    <metrics statements="21" coveredstatements="21" conditionals="7" coveredconditionals="7" methods="5" coveredmethods="5" elements="33" coveredelements="33" complexity="0" loc="21" ncloc="21" packages="1" files="1" classes="1"/>
    <file name="script.mjs" path="C:\Users\stijn\OneDrive\Documenten\projectjes\Testen1\script.mjs">
      <metrics statements="21" coveredstatements="21" conditionals="7" coveredconditionals="7" methods="5" coveredmethods="5"/>
      <line num="5" count="5" type="stmt"/>
      <line num="6" count="5" type="stmt"/>
      <line num="7" count="5" type="stmt"/>
      <line num="9" count="5" type="stmt"/>
      <line num="19" count="10" type="stmt"/>
      <line num="20" count="10" type="stmt"/>
      <line num="26" count="10" type="stmt"/>
      <line num="27" count="10" type="stmt"/>
      <line num="28" count="10" type="stmt"/>
      <line num="29" count="10" type="stmt"/>
      <line num="30" count="10" type="stmt"/>
      <line num="35" count="10" type="stmt"/>
      <line num="42" count="19" type="cond" truecount="7" falsecount="0"/>
      <line num="44" count="1" type="stmt"/>
      <line num="46" count="1" type="stmt"/>
      <line num="48" count="8" type="stmt"/>
      <line num="50" count="1" type="stmt"/>
      <line num="52" count="5" type="stmt"/>
      <line num="54" count="2" type="stmt"/>
      <line num="56" count="1" type="stmt"/>
      <line num="61" count="1" type="stmt"/>
    </file>
  </project>
</coverage>
