{"C:\\Users\\stijn\\OneDrive\\Documenten\\projectjes\\Testen1\\script.mjs": {"path":"C:\\Users\\stijn\\OneDrive\\Documenten\\projectjes\\Testen1\\script.mjs","statementMap":{"0":{"start":{"line":5,"column":26},"end":{"line":5,"column":97}},"1":{"start":{"line":6,"column":27},"end":{"line":6,"column":81}},"2":{"start":{"line":7,"column":26},"end":{"line":7,"column":80}},"3":{"start":{"line":9,"column":4},"end":{"line":13,"column":6}},"4":{"start":{"line":19,"column":26},"end":{"line":19,"column":57}},"5":{"start":{"line":20,"column":4},"end":{"line":20,"column":25}},"6":{"start":{"line":26,"column":31},"end":{"line":26,"column":68}},"7":{"start":{"line":27,"column":32},"end":{"line":27,"column":55}},"8":{"start":{"line":28,"column":29},"end":{"line":28,"column":48}},"9":{"start":{"line":29,"column":27},"end":{"line":29,"column":122}},"10":{"start":{"line":30,"column":4},"end":{"line":30,"column":26}},"11":{"start":{"line":35,"column":4},"end":{"line":35,"column":48}},"12":{"start":{"line":42,"column":4},"end":{"line":57,"column":5}},"13":{"start":{"line":44,"column":12},"end":{"line":44,"column":21}},"14":{"start":{"line":46,"column":12},"end":{"line":46,"column":21}},"15":{"start":{"line":48,"column":12},"end":{"line":48,"column":23}},"16":{"start":{"line":50,"column":12},"end":{"line":50,"column":23}},"17":{"start":{"line":52,"column":12},"end":{"line":52,"column":23}},"18":{"start":{"line":54,"column":12},"end":{"line":54,"column":21}},"19":{"start":{"line":56,"column":12},"end":{"line":56,"column":21}},"20":{"start":{"line":61,"column":0},"end":{"line":67,"column":2}}},"fnMap":{"0":{"name":"berekenHypotheek","decl":{"start":{"line":4,"column":10},"end":{"line":4,"column":26}},"loc":{"start":{"line":4,"column":76},"end":{"line":14,"column":1}},"line":4},"1":{"name":"calculateMaxLoanAmount","decl":{"start":{"line":16,"column":10},"end":{"line":16,"column":32}},"loc":{"start":{"line":16,"column":82},"end":{"line":21,"column":1}},"line":16},"2":{"name":"calculateMonthlyPayment","decl":{"start":{"line":23,"column":9},"end":{"line":23,"column":32}},"loc":{"start":{"line":23,"column":61},"end":{"line":31,"column":1}},"line":23},"3":{"name":"calculateTotalPayments","decl":{"start":{"line":34,"column":10},"end":{"line":34,"column":32}},"loc":{"start":{"line":34,"column":65},"end":{"line":36,"column":1}},"line":34},"4":{"name":"getInterestRate","decl":{"start":{"line":39,"column":9},"end":{"line":39,"column":24}},"loc":{"start":{"line":39,"column":41},"end":{"line":58,"column":1}},"line":39}},"branchMap":{"0":{"loc":{"start":{"line":42,"column":4},"end":{"line":57,"column":5}},"type":"switch","locations":[{"start":{"line":43,"column":8},"end":{"line":44,"column":21}},{"start":{"line":45,"column":8},"end":{"line":46,"column":21}},{"start":{"line":47,"column":8},"end":{"line":48,"column":23}},{"start":{"line":49,"column":8},"end":{"line":50,"column":23}},{"start":{"line":51,"column":8},"end":{"line":52,"column":23}},{"start":{"line":53,"column":8},"end":{"line":54,"column":21}},{"start":{"line":55,"column":8},"end":{"line":56,"column":21}}],"line":42}},"s":{"0":5,"1":5,"2":5,"3":5,"4":10,"5":10,"6":10,"7":10,"8":10,"9":10,"10":10,"11":10,"12":19,"13":1,"14":1,"15":8,"16":1,"17":5,"18":2,"19":1,"20":1},"f":{"0":5,"1":10,"2":10,"3":10,"4":19},"b":{"0":[1,1,8,1,5,2,1]},"inputSourceMap":null,"_coverageSchema":"1a1c01bbd47fc00a2c39e90264f33305004495a9","hash":"16ce8d648ac78d19de7e5c477fde5316608014ea"}
}
