TN:
SF:script.mjs
FN:4,berekenHypotheek
FN:16,calculateMaxLoanAmount
FN:23,calculateMonthlyPayment
FN:34,calculateTotalPayments
FN:39,getInterestRate
FNF:5
FNH:5
FNDA:5,berekenHypotheek
FNDA:10,calculateMaxLoanAmount
FNDA:10,calculateMonthlyPayment
FNDA:10,calculateTotalPayments
FNDA:19,getInterestRate
DA:5,5
DA:6,5
DA:7,5
DA:9,5
DA:19,10
DA:20,10
DA:26,10
DA:27,10
DA:28,10
DA:29,10
DA:30,10
DA:35,10
DA:42,19
DA:44,1
DA:46,1
DA:48,8
DA:50,1
DA:52,5
DA:54,2
DA:56,1
DA:61,1
LF:21
LH:21
BRDA:42,0,0,1
BRDA:42,0,1,1
BRDA:42,0,2,8
BRDA:42,0,3,1
BRDA:42,0,4,5
BRDA:42,0,5,2
BRDA:42,0,6,1
BRF:7
BRH:7
end_of_record
